build/app/outputs/mapping/release/mapping.txt
# compiler: R8
# compiler_version: 1.5.64
# min_api: 16
# pg_map_id: 284e167
...
com.google.android.gms.internal.measurement.zzkx -> b.a.a.a.f.j.ja:
    com.google.android.gms.internal.measurement.zzcn zza -> a
    boolean zza() -> f
    boolean zzb() -> g
com.google.android.gms.internal.measurement.zzky -> b.a.a.a.f.j.ka:
    com.google.android.gms.internal.measurement.zzcn zza -> a
    boolean zza() -> f
    boolean zzb() -> g
com.google.android.gms.internal.measurement.zzkz -> b.a.a.a.f.j.la:
    boolean zza() -> f
    boolean zzb() -> g
com.google.android.gms.internal.measurement.zzl -> b.a.a.a.f.j.ma:
    boolean zza(int,android.os.Parcel,android.os.Parcel,int) -> a
com.google.android.gms.internal.measurement.zzla -> b.a.a.a.f.j.na:
    boolean zza() -> f
    boolean zzb() -> g
com.google.android.gms.internal.measurement.zzlb -> b.a.a.a.f.j.oa:
    com.google.android.gms.internal.measurement.zzlb zza -> c
    com.google.android.gms.internal.measurement.zzdb zzb -> b
    boolean zzb() -> a
    boolean zzc() -> b
    java.lang.Object zza() -> f
com.google.android.gms.internal.measurement.zzlc -> b.a.a.a.f.j.pa:
    com.google.android.gms.internal.measurement.zzlc zza -> c
    com.google.android.gms.internal.measurement.zzdb zzb -> b
    boolean zzb() -> a
    boolean zzc() -> b
    boolean zzd() -> c
    boolean zze() -> d
    java.lang.Object zza() -> f
com.google.android.gms.internal.measurement.zzld -> b.a.a.a.f.j.qa:
    com.google.android.gms.internal.measurement.zzcn zza -> a
    boolean zza() -> f
    boolean zzb() -> g
com.google.android.gms.internal.measurement.zzle -> b.a.a.a.f.j.ra:
    com.google.android.gms.internal.measurement.zzcn zzb -> b
    com.google.android.gms.internal.measurement.zzcn zza -> a
    com.google.android.gms.internal.measurement.zzcn zzc -> c
    boolean zza() -> f
    boolean zzb() -> g
    boolean zzd() -> h
    boolean zzc() -> i
com.google.android.gms.internal.measurement.zzlf -> b.a.a.a.f.j.sa:
    boolean zza() -> f
    boolean zzb() -> g
    boolean zzd() -> h
    boolean zzc() -> i
com.google.android.gms.internal.measurement.zzlg -> b.a.a.a.f.j.ta:
    boolean zza() -> f
    boolean zzb() -> g
com.google.android.gms.internal.measurement.zzlh -> b.a.a.a.f.j.ua:
    com.google.android.gms.internal.measurement.zzdb zzb -> b
    com.google.android.gms.internal.measurement.zzlh zza -> c
    boolean zzb() -> a
    boolean zzc() -> b
    java.lang.Object zza() -> f
com.google.android.gms.internal.measurement.zzli -> b.a.a.a.f.j.va:
    com.google.android.gms.internal.measurement.zzdb zzb -> b
    com.google.android.gms.internal.measurement.zzli zza -> c
    boolean zzb() -> a
    java.lang.Object zza() -> f
com.google.android.gms.internal.measurement.zzlj -> b.a.a.a.f.j.wa:
    com.google.android.gms.internal.measurement.zzcn zzb -> b
    com.google.android.gms.internal.measurement.zzcn zza -> a
    boolean zza() -> f
    boolean zzb() -> g
com.google.android.gms.internal.measurement.zzlk -> b.a.a.a.f.j.xa:
    com.google.android.gms.internal.measurement.zzcn zza -> a
    boolean zza() -> f
com.google.android.gms.internal.measurement.zzll -> b.a.a.a.f.j.ya:
    boolean zza() -> f
com.google.android.gms.internal.measurement.zzlm -> b.a.a.a.f.j.za:
    boolean zza() -> f
    boolean zzb() -> g
com.google.android.gms.internal.measurement.zzln -> b.a.a.a.f.j.ab:
    com.google.android.gms.internal.measurement.zzln zza -> c
    com.google.android.gms.internal.measurement.zzdb zzb -> b
    boolean zzb() -> a
    boolean zzc() -> b
    java.lang.Object zza() -> f
com.google.android.gms.internal.measurement.zzlo -> b.a.a.a.f.j.bb:
    com.google.android.gms.internal.measurement.zzlo zza -> c
    com.google.android.gms.internal.measurement.zzdb zzb -> b
    boolean zzb() -> a
    java.lang.Object zza() -> f
com.google.android.gms.internal.measurement.zzlp -> b.a.a.a.f.j.cb:
    com.google.android.gms.internal.measurement.zzcn zza -> a
    boolean zza() -> f
    boolean zzb() -> g